
> notes-frontend@1.0.0 dev /app
> next dev -p 3000

   ▲ Next.js 15.3.2
   - Local:        http://localhost:3000
   - Network:      http://172.19.0.9:3000

 ✓ Starting...
 ⚠ Invalid next.config.ts options detected: 
 ⚠     Unrecognized key(s) in object: 'swcMinify'
 ⚠ See more info here: https://nextjs.org/docs/messages/invalid-next-config
Attention: Next.js now collects completely anonymous telemetry regarding usage.
This information is used to shape Next.js' roadmap and prioritize features.
You can learn more, including how to opt-out if you'd not like to participate in this anonymous program, by visiting the following URL:
https://nextjs.org/telemetry

 ✓ Ready in 2.9s
[?25h

> notes-frontend@1.0.0 dev /app
> next dev -p 3000

   ▲ Next.js 15.3.2
   - Local:        http://localhost:3000
   - Network:      http://172.20.0.9:3000

 ✓ Starting...
 ⚠ Invalid next.config.ts options detected: 
 ⚠     Unrecognized key(s) in object: 'swcMinify'
 ⚠ See more info here: https://nextjs.org/docs/messages/invalid-next-config
Attention: Next.js now collects completely anonymous telemetry regarding usage.
This information is used to shape Next.js' roadmap and prioritize features.
You can learn more, including how to opt-out if you'd not like to participate in this anonymous program, by visiting the following URL:
https://nextjs.org/telemetry

 ✓ Ready in 2s
[?25h

> notes-frontend@1.0.0 dev /app
> next dev -p 3000

   ▲ Next.js 15.3.2
   - Local:        http://localhost:3000
   - Network:      http://172.18.0.9:3000

 ✓ Starting...
 ⚠ Invalid next.config.ts options detected: 
 ⚠     Unrecognized key(s) in object: 'swcMinify'
 ⚠ See more info here: https://nextjs.org/docs/messages/invalid-next-config
Attention: Next.js now collects completely anonymous telemetry regarding usage.
This information is used to shape Next.js' roadmap and prioritize features.
You can learn more, including how to opt-out if you'd not like to participate in this anonymous program, by visiting the following URL:
https://nextjs.org/telemetry

 ✓ Ready in 1625ms
[?25h

> notes-frontend@1.0.0 dev /app
> next dev -p 3000

   ▲ Next.js 15.3.2
   - Local:        http://localhost:3000
   - Network:      http://172.18.0.9:3000

 ✓ Starting...
 ⚠ Invalid next.config.ts options detected: 
 ⚠     Unrecognized key(s) in object: 'swcMinify'
 ⚠ See more info here: https://nextjs.org/docs/messages/invalid-next-config
Attention: Next.js now collects completely anonymous telemetry regarding usage.
This information is used to shape Next.js' roadmap and prioritize features.
You can learn more, including how to opt-out if you'd not like to participate in this anonymous program, by visiting the following URL:
https://nextjs.org/telemetry

 ✓ Ready in 1699ms
[?25h
